c:\users\sxa0830\documents\visual studio 2015\projects\awm\awm\debug\awm.myui.resources
c:\users\sxa0830\documents\visual studio 2015\projects\awm\awm\debug\vc140.pdb
c:\users\sxa0830\documents\visual studio 2015\projects\awm\awm\debug\myui.obj
c:\users\sxa0830\documents\visual studio 2015\projects\awm\awm\debug\appwashing.obj
c:\users\sxa0830\documents\visual studio 2015\projects\awm\awm\debug\appstartup.obj
c:\users\sxa0830\documents\visual studio 2015\projects\awm\awm\debug\appspinning.obj
c:\users\sxa0830\documents\visual studio 2015\projects\awm\awm\debug\apprinsing.obj
c:\users\sxa0830\documents\visual studio 2015\projects\awm\awm\debug\apphdl.obj
c:\users\sxa0830\documents\visual studio 2015\projects\awm\awm\debug\appdrying.obj
c:\users\sxa0830\documents\visual studio 2015\projects\awm\awm\debug\appbase.obj
c:\users\sxa0830\documents\visual studio 2015\projects\awm\awm\debug\.netframework,version=v4.5.2.assemblyattributes.obj
c:\users\sxa0830\documents\visual studio 2015\projects\awm\awm\debug\.netframework,version=v4.5.2.assemblyattributes.asm
c:\users\sxa0830\documents\visual studio 2015\projects\awm\debug\awm.exe
c:\users\sxa0830\documents\visual studio 2015\projects\awm\debug\awm.pdb
c:\users\sxa0830\documents\visual studio 2015\projects\awm\awm\debug\awm.vcxproj.generateresource.cache
c:\users\sxa0830\documents\visual studio 2015\projects\awm\awm\debug\awm.tlog\awm.write.1u.tlog
c:\users\sxa0830\documents\visual studio 2015\projects\awm\awm\debug\awm.tlog\cl.command.1.tlog
c:\users\sxa0830\documents\visual studio 2015\projects\awm\awm\debug\awm.tlog\cl.read.1.tlog
c:\users\sxa0830\documents\visual studio 2015\projects\awm\awm\debug\awm.tlog\cl.write.1.tlog
c:\users\sxa0830\documents\visual studio 2015\projects\awm\awm\debug\awm.tlog\link.command.1.tlog
c:\users\sxa0830\documents\visual studio 2015\projects\awm\awm\debug\awm.tlog\link.read.1.tlog
c:\users\sxa0830\documents\visual studio 2015\projects\awm\awm\debug\awm.tlog\link.write.1.tlog
c:\users\sxa0830\documents\visual studio 2015\projects\awm\awm\debug\awm.tlog\metagen.read.1.tlog
c:\users\sxa0830\documents\visual studio 2015\projects\awm\awm\debug\awm.tlog\metagen.write.1.tlog
c:\users\sxa0830\documents\visual studio 2015\projects\awm\awm\debug\awm.tlog\tzres.dll.bi
