c:\users\sxa0830\documents\visual studio 2015\projects\awm\awm\release\awm.myui.resources
c:\users\sxa0830\documents\visual studio 2015\projects\awm\awm\release\vc140.pdb
c:\users\sxa0830\documents\visual studio 2015\projects\awm\awm\release\myui.obj
c:\users\sxa0830\documents\visual studio 2015\projects\awm\awm\release\appwashing.obj
c:\users\sxa0830\documents\visual studio 2015\projects\awm\awm\release\appstartup.obj
c:\users\sxa0830\documents\visual studio 2015\projects\awm\awm\release\appspinning.obj
c:\users\sxa0830\documents\visual studio 2015\projects\awm\awm\release\apprinsing.obj
c:\users\sxa0830\documents\visual studio 2015\projects\awm\awm\release\apphdl.obj
c:\users\sxa0830\documents\visual studio 2015\projects\awm\awm\release\appdrying.obj
c:\users\sxa0830\documents\visual studio 2015\projects\awm\awm\release\appbase.obj
c:\users\sxa0830\documents\visual studio 2015\projects\awm\awm\release\.netframework,version=v4.5.2.assemblyattributes.obj
c:\users\sxa0830\documents\visual studio 2015\projects\awm\awm\release\.netframework,version=v4.5.2.assemblyattributes.asm
c:\users\sxa0830\documents\visual studio 2015\projects\awm\release\awm.exe
c:\users\sxa0830\documents\visual studio 2015\projects\awm\release\awm.pdb
c:\users\sxa0830\documents\github\awm\awm\release\awm.vcxproj.generateresource.cache
c:\users\sxa0830\documents\github\awm\awm\release\awm.vcxprojresolveassemblyreference.cache
c:\users\sxa0830\documents\github\awm\awm\release\.netframework,version=v4.5.2.assemblyattributes.obj
c:\users\sxa0830\documents\github\awm\awm\release\appbase.obj
c:\users\sxa0830\documents\github\awm\awm\release\appdrying.obj
c:\users\sxa0830\documents\github\awm\awm\release\apphdl.obj
c:\users\sxa0830\documents\github\awm\awm\release\apprinsing.obj
c:\users\sxa0830\documents\github\awm\awm\release\appspinning.obj
c:\users\sxa0830\documents\github\awm\awm\release\appstartup.obj
c:\users\sxa0830\documents\github\awm\awm\release\appwashing.obj
c:\users\sxa0830\documents\github\awm\awm\release\myui.obj
c:\users\sxa0830\documents\github\awm\awm\release\awm.myui.resources
c:\users\sxa0830\documents\github\awm\awm\release\vc140.pdb
c:\users\sxa0830\documents\github\awm\release\awm.pdb
c:\users\sxa0830\documents\github\awm\release\awm.exe
c:\users\sxa0830\documents\github\awm\awm\release\awm.tlog\awm.write.1u.tlog
c:\users\sxa0830\documents\github\awm\awm\release\awm.tlog\cl.command.1.tlog
c:\users\sxa0830\documents\github\awm\awm\release\awm.tlog\cl.read.1.tlog
c:\users\sxa0830\documents\github\awm\awm\release\awm.tlog\cl.write.1.tlog
c:\users\sxa0830\documents\github\awm\awm\release\awm.tlog\link.command.1.tlog
c:\users\sxa0830\documents\github\awm\awm\release\awm.tlog\link.read.1.tlog
c:\users\sxa0830\documents\github\awm\awm\release\awm.tlog\link.write.1.tlog
c:\users\sxa0830\documents\github\awm\awm\release\awm.tlog\metagen.read.1.tlog
c:\users\sxa0830\documents\github\awm\awm\release\awm.tlog\metagen.write.1.tlog
c:\users\sxa0830\documents\github\awm\awm\release\awm.tlog\tzres.dll.bi
